生成启动时间为 2015/8/11 星期二 上午 10:12:51。
     1>项目“D:\projects\VDbg\VDbg\VDbg.vcxproj”在节点 2 上(build 个目标)。
     1>InitializeBuildStatus:
         正在创建“Debug\VDbg.unsuccessfulbuild”，因为已指定“AlwaysCreate”。
       ClCompile:
         C:\Program Files\Microsoft Visual Studio 10.0\VC\bin\CL.exe /c /ZI /nologo /W3 /WX- /Od /Oy- /D WIN32 /D _DEBUG /D _CONSOLE /D _UNICODE /D UNICODE /Gm /EHsc /RTC1 /MDd /GS /fp:precise /Zc:wchar_t /Zc:forScope /Fo"Debug\\" /Fd"Debug\vc100.pdb" /Gd /TP /analyze- /errorReport:prompt VDbg.cpp VDbg_main.cpp
         VDbg_main.cpp
         VDbg.cpp
     1>d:\projects\vdbg\vdbg\vdbg.cpp(151): warning C4101: “dwWriteSize”: 未引用的局部变量
     1>d:\projects\vdbg\vdbg\vdbg.cpp(300): warning C4101: “dwReadBytes”: 未引用的局部变量
     1>d:\projects\vdbg\vdbg\vdbg.cpp(336): warning C4101: “dwWriteSize”: 未引用的局部变量
     1>d:\projects\vdbg\vdbg\vdbg.cpp(1170): warning C4244: “参数”: 从“ULONG64”转换到“DWORD”，可能丢失数据
     1>d:\projects\vdbg\vdbg\vdbg.cpp(1180): warning C4244: “参数”: 从“ULONG64”转换到“DWORD”，可能丢失数据
     1>d:\projects\vdbg\vdbg\vdbg.cpp(1208): warning C4018: “<”: 有符号/无符号不匹配
     1>d:\projects\vdbg\vdbg\vdbg.cpp(1220): warning C4018: “<”: 有符号/无符号不匹配
     1>d:\projects\vdbg\vdbg\vdbg.cpp(1243): warning C4244: “参数”: 从“ULONG64”转换到“DWORD”，可能丢失数据
     1>d:\projects\vdbg\vdbg\vdbg.cpp(1264): warning C4244: “参数”: 从“ULONG64”转换到“DWORD”，可能丢失数据
     1>d:\projects\vdbg\vdbg\vdbg.cpp(1314): warning C4018: “<”: 有符号/无符号不匹配
     1>d:\projects\vdbg\vdbg\vdbg.cpp(1373): warning C4244: “return”: 从“DWORD64”转换到“DWORD”，可能丢失数据
     1>d:\projects\vdbg\vdbg\vdbg.cpp(1663): warning C4244: “return”: 从“DWORD64”转换到“DWORD”，可能丢失数据
     1>d:\projects\vdbg\vdbg\vdbg.cpp(1678): warning C4018: “<”: 有符号/无符号不匹配
     1>d:\projects\vdbg\vdbg\vdbg.cpp(1686): warning C4018: “<”: 有符号/无符号不匹配
     1>d:\projects\vdbg\vdbg\vdbg.cpp(1686): warning C4018: “<”: 有符号/无符号不匹配
     1>d:\projects\vdbg\vdbg\vdbg.cpp(1806): warning C4244: “=”: 从“ULONG64”转换到“DWORD”，可能丢失数据
     1>d:\projects\vdbg\vdbg\vdbg.cpp(1828): warning C4244: “=”: 从“ULONG64”转换到“DWORD”，可能丢失数据
         正在生成代码...
       ManifestResourceCompile:
         C:\Program Files\Microsoft SDKs\Windows\v7.0A\bin\rc.exe /nologo /fo"Debug\VDbg.exe.embed.manifest.res" Debug\VDbg_manifest.rc 
       Link:
         C:\Program Files\Microsoft Visual Studio 10.0\VC\bin\link.exe /ERRORREPORT:PROMPT /OUT:"D:\projects\VDbg\Debug\VDbg.exe" /INCREMENTAL /NOLOGO DbgHelp.lib kernel32.lib user32.lib gdi32.lib winspool.lib comdlg32.lib advapi32.lib shell32.lib ole32.lib oleaut32.lib uuid.lib odbc32.lib odbccp32.lib /MANIFEST /ManifestFile:"Debug\VDbg.exe.intermediate.manifest" /MANIFESTUAC:"level='asInvoker' uiAccess='false'" /DEBUG /PDB:"D:\projects\VDbg\Debug\VDbg.pdb" /SUBSYSTEM:CONSOLE /TLBID:1 /DYNAMICBASE /NXCOMPAT /IMPLIB:"D:\projects\VDbg\Debug\VDbg.lib" /MACHINE:X86 Debug\VDbg.exe.embed.manifest.res
         Debug\VDbg.obj
         Debug\VDbg_main.obj
       Manifest:
         C:\Program Files\Microsoft SDKs\Windows\v7.0A\bin\mt.exe /nologo /verbose /out:"Debug\VDbg.exe.embed.manifest" /manifest Debug\VDbg.exe.intermediate.manifest
         C:\Program Files\Microsoft SDKs\Windows\v7.0A\bin\rc.exe /nologo /fo"Debug\VDbg.exe.embed.manifest.res" Debug\VDbg_manifest.rc 
       LinkEmbedManifest:
         C:\Program Files\Microsoft Visual Studio 10.0\VC\bin\link.exe /ERRORREPORT:PROMPT /OUT:"D:\projects\VDbg\Debug\VDbg.exe" /INCREMENTAL /NOLOGO DbgHelp.lib kernel32.lib user32.lib gdi32.lib winspool.lib comdlg32.lib advapi32.lib shell32.lib ole32.lib oleaut32.lib uuid.lib odbc32.lib odbccp32.lib /MANIFEST /ManifestFile:"Debug\VDbg.exe.intermediate.manifest" /MANIFESTUAC:"level='asInvoker' uiAccess='false'" /DEBUG /PDB:"D:\projects\VDbg\Debug\VDbg.pdb" /SUBSYSTEM:CONSOLE /TLBID:1 /DYNAMICBASE /NXCOMPAT /IMPLIB:"D:\projects\VDbg\Debug\VDbg.lib" /MACHINE:X86 Debug\VDbg.exe.embed.manifest.res
         Debug\VDbg.obj
         Debug\VDbg_main.obj
         VDbg.vcxproj -> D:\projects\VDbg\Debug\VDbg.exe
       FinalizeBuildStatus:
         正在删除文件“Debug\VDbg.unsuccessfulbuild”。
         正在对“Debug\VDbg.lastbuildstate”执行 Touch 任务。
     1>已完成生成项目“D:\projects\VDbg\VDbg\VDbg.vcxproj”(build 个目标)的操作。

生成成功。

已用时间 00:00:11.00
