D:\PROJECTS\VDBG\DEBUG\VDBG.EXE
D:\PROJECTS\VDBG\DEBUG\VDBG.ILK
D:\PROJECTS\VDBG\DEBUG\VDBG.PDB
D:\projects\VDbg\VDbg\Debug\cl.command.1.tlog
D:\projects\VDbg\VDbg\Debug\CL.read.1.tlog
D:\projects\VDbg\VDbg\Debug\CL.write.1.tlog
D:\projects\VDbg\VDbg\Debug\link.8268.read.1.tlog
D:\projects\VDbg\VDbg\Debug\link.8268.write.1.tlog
D:\projects\VDbg\VDbg\Debug\link.8268-cvtres.read.1.tlog
D:\projects\VDbg\VDbg\Debug\link.8268-cvtres.write.1.tlog
D:\projects\VDbg\VDbg\Debug\link.command.1.tlog
D:\projects\VDbg\VDbg\Debug\link.read.1.tlog
D:\projects\VDbg\VDbg\Debug\link.write.1.tlog
D:\projects\VDbg\VDbg\Debug\link-cvtres.read.1.tlog
D:\projects\VDbg\VDbg\Debug\link-cvtres.write.1.tlog
D:\projects\VDbg\VDbg\Debug\mt.command.1.tlog
D:\projects\VDbg\VDbg\Debug\mt.read.1.tlog
D:\projects\VDbg\VDbg\Debug\mt.write.1.tlog
D:\projects\VDbg\VDbg\Debug\rc.command.1.tlog
D:\projects\VDbg\VDbg\Debug\rc.read.1.tlog
D:\projects\VDbg\VDbg\Debug\rc.write.1.tlog
D:\projects\VDbg\VDbg\Debug\vc100.idb
D:\PROJECTS\VDBG\VDBG\DEBUG\VC100.PDB
D:\PROJECTS\VDBG\VDBG\DEBUG\VDBG.EXE.EMBED.MANIFEST
D:\PROJECTS\VDBG\VDBG\DEBUG\VDBG.EXE.EMBED.MANIFEST.RES
D:\PROJECTS\VDBG\VDBG\DEBUG\VDBG.EXE.INTERMEDIATE.MANIFEST
D:\PROJECTS\VDBG\VDBG\DEBUG\VDBG.OBJ
D:\projects\VDbg\VDbg\Debug\VDbg.vcxprojResolveAssemblyReference.cache
D:\projects\VDbg\VDbg\Debug\VDbg.write.1.tlog
D:\PROJECTS\VDBG\VDBG\DEBUG\VDBG_MAIN.OBJ
D:\projects\VDbg\VDbg\Debug\VDbg_manifest.rc
